{"level":"info","message":"Identity Service running on port 3001","service":"identity-service"}
{"level":"info","message":"Connected to Mongo DB","service":"identity-service"}
{"level":"info","message":"Identity Service running on port 3001","service":"identity-service"}
{"level":"info","message":"Connected to Mongo DB","service":"identity-service"}
{"level":"info","message":"POST /api/auth/register","service":"identity-service"}
{"level":"info","message":"Register user endpoint","service":"identity-service"}
{"level":"warn","message":"Validation error","service":"identity-service"}
{"level":"info","message":"POST /api/auth/register","service":"identity-service"}
{"level":"info","message":"Register user endpoint","service":"identity-service"}
{"buffer":{"data":[105,111,82,218,95,106,77,111,44,219,57,195],"type":"Buffer"},"level":"info","message":"User registered successfully","service":"identity-service"}
{"level":"info","message":"POST /api/auth/register","service":"identity-service"}
{"level":"info","message":"Register user endpoint","service":"identity-service"}
{"level":"warn","message":"User already exists","service":"identity-service"}
{"level":"info","message":"POST /api/auth/register","service":"identity-service"}
{"level":"info","message":"Register user endpoint","service":"identity-service"}
{"buffer":{"data":[105,111,133,198,95,106,77,111,44,219,57,201],"type":"Buffer"},"level":"info","message":"User registered successfully","service":"identity-service"}
{"level":"info","message":"Identity Service running on port 3001","service":"identity-service"}
{"level":"info","message":"Connected to Mongo DB","service":"identity-service"}
{"level":"info","message":"Identity Service running on port 3001","service":"identity-service"}
{"level":"info","message":"Connected to Mongo DB","service":"identity-service"}
{"level":"info","message":"Identity Service running on port 3001","service":"identity-service"}
{"level":"info","message":"Connected to Mongo DB","service":"identity-service"}
{"level":"info","message":"Identity Service running on port 3001","service":"identity-service"}
{"level":"info","message":"Connected to Mongo DB","service":"identity-service"}
{"level":"info","message":"Identity Service running on port 3001","service":"identity-service"}
{"level":"info","message":"Connected to Mongo DB","service":"identity-service"}
{"level":"info","message":"Identity Service running on port 3001","service":"identity-service"}
{"level":"info","message":"Connected to Mongo DB","service":"identity-service"}
{"level":"info","message":"Identity Service running on port 3001","service":"identity-service"}
{"level":"info","message":"Connected to Mongo DB","service":"identity-service"}
{"level":"info","message":"Identity Service running on port 3001","service":"identity-service"}
{"level":"info","message":"Connected to Mongo DB","service":"identity-service"}
{"level":"info","message":"Identity Service running on port 3001","service":"identity-service"}
{"level":"info","message":"Connected to Mongo DB","service":"identity-service"}
{"level":"info","message":"Identity Service running on port 3001","service":"identity-service"}
{"level":"info","message":"Connected to Mongo DB","service":"identity-service"}
{"level":"info","message":"Identity Service running on port 3001","service":"identity-service"}
{"level":"info","message":"Connected to Mongo DB","service":"identity-service"}
{"level":"info","message":"Identity Service running on port 3001","service":"identity-service"}
{"level":"info","message":"Connected to Mongo DB","service":"identity-service"}
{"level":"info","message":"Identity Service running on port 3001","service":"identity-service"}
{"level":"info","message":"Connected to Mongo DB","service":"identity-service"}
{"level":"info","message":"Identity Service running on port 3001","service":"identity-service"}
{"level":"info","message":"Identity Service running on port 3001","service":"identity-service"}
{"level":"info","message":"Connected to Mongo DB","service":"identity-service"}
{"level":"info","message":"Identity Service running on port 3001","service":"identity-service"}
{"level":"info","message":"Connected to Mongo DB","service":"identity-service"}
{"level":"info","message":"Identity Service running on port 3001","service":"identity-service"}
{"level":"info","message":"Connected to Mongo DB","service":"identity-service"}
{"level":"info","message":"Identity Service running on port 3001","service":"identity-service"}
{"level":"info","message":"Connected to Mongo DB","service":"identity-service"}
{"level":"info","message":"Identity Service running on port 3001","service":"identity-service"}
{"level":"info","message":"Connected to Mongo DB","service":"identity-service"}
{"level":"info","message":"Identity Service running on port 3001","service":"identity-service"}
{"level":"info","message":"Connected to Mongo DB","service":"identity-service"}
{"level":"info","message":"Identity Service running on port 3001","service":"identity-service"}
{"level":"info","message":"Connected to Mongo DB","service":"identity-service"}
{"level":"info","message":"Identity Service running on port 3001","service":"identity-service"}
{"level":"info","message":"Identity Service running on port 3001","service":"identity-service"}
{"level":"info","message":"Connected to Mongo DB","service":"identity-service"}
{"level":"info","message":"Identity Service running on port 3001","service":"identity-service"}
{"level":"info","message":"Connected to Mongo DB","service":"identity-service"}
{"level":"info","message":"Identity Service running on port 3001","service":"identity-service"}
{"level":"info","message":"Connected to Mongo DB","service":"identity-service"}
{"level":"info","message":"Identity Service running on port 3001","service":"identity-service"}
{"level":"info","message":"Connected to Mongo DB","service":"identity-service"}
{"level":"info","message":"Identity Service running on port 3001","service":"identity-service"}
{"level":"info","message":"Identity Service running on port 3001","service":"identity-service"}
{"level":"info","message":"Connected to Mongo DB","service":"identity-service"}
{"level":"info","message":"Identity Service running on port 3001","service":"identity-service"}
{"level":"info","message":"Identity Service running on port 3001","service":"identity-service"}
{"level":"info","message":"Identity Service running on port 3001","service":"identity-service"}
{"level":"info","message":"Connected to Mongo DB","service":"identity-service"}
{"level":"info","message":"Identity Service running on port 3001","service":"identity-service"}
{"level":"info","message":"Connected to Mongo DB","service":"identity-service"}
{"level":"info","message":"Identity Service running on port 3001","service":"identity-service"}
{"level":"info","message":"Connected to Mongo DB","service":"identity-service"}
{"level":"info","message":"Identity Service running on port 3001","service":"identity-service"}
{"level":"info","message":"Connected to Mongo DB","service":"identity-service"}
{"level":"info","message":"Identity Service running on port 3001","service":"identity-service"}
{"level":"info","message":"Connected to Mongo DB","service":"identity-service"}
{"level":"info","message":"Identity Service running on port 3001","service":"identity-service"}
{"level":"info","message":"Connected to Mongo DB","service":"identity-service"}
{"level":"info","message":"Identity Service running on port 3001","service":"identity-service"}
{"level":"info","message":"Identity Service running on port 3001","service":"identity-service"}
{"level":"info","message":"Identity Service running on port 3001","service":"identity-service"}
{"level":"info","message":"Connected to Mongo DB","service":"identity-service"}
{"level":"info","message":"Identity Service running on port 3001","service":"identity-service"}
{"level":"info","message":"Identity Service running on port 3001","service":"identity-service"}
{"level":"info","message":"Identity Service running on port 3001","service":"identity-service"}
{"level":"info","message":"Connected to Mongo DB","service":"identity-service"}
{"level":"info","message":"Identity Service running on port 3001","service":"identity-service"}
{"level":"info","message":"Identity Service running on port 3001","service":"identity-service"}
{"level":"info","message":"Connected to Mongo DB","service":"identity-service"}
{"level":"info","message":"Identity Service running on port 3001","service":"identity-service"}
{"level":"info","message":"Identity Service running on port 3001","service":"identity-service"}
{"level":"info","message":"Connected to Mongo DB","service":"identity-service"}
{"level":"info","message":"Identity Service running on port 3001","service":"identity-service"}
{"level":"info","message":"Connected to Mongo DB","service":"identity-service"}
{"level":"info","message":"Identity Service running on port 3001","service":"identity-service"}
{"level":"info","message":"Identity Service running on port 3001","service":"identity-service"}
{"level":"info","message":"Connected to Mongo DB","service":"identity-service"}
{"level":"info","message":"Identity Service running on port 3001","service":"identity-service"}
{"level":"info","message":"Connected to Mongo DB","service":"identity-service"}
{"level":"info","message":"Identity Service running on port 3001","service":"identity-service"}
{"level":"info","message":"Identity Service running on port 3001","service":"identity-service"}
{"level":"info","message":"Identity Service running on port 3001","service":"identity-service"}
{"level":"info","message":"Connected to Mongo DB","service":"identity-service"}
{"level":"info","message":"Identity Service running on port 3001","service":"identity-service"}
{"level":"info","message":"Connected to Mongo DB","service":"identity-service"}
{"level":"info","message":"Identity Service running on port 3001","service":"identity-service"}
{"level":"info","message":"Connected to Mongo DB","service":"identity-service"}
{"level":"info","message":"Identity Service running on port 3001","service":"identity-service"}
{"level":"info","message":"Identity Service running on port 3001","service":"identity-service"}
{"level":"info","message":"Connected to Mongo DB","service":"identity-service"}
{"level":"info","message":"Identity Service running on port 3001","service":"identity-service"}
{"level":"info","message":"Identity Service running on port 3001","service":"identity-service"}
{"level":"info","message":"Identity Service running on port 3001","service":"identity-service"}
{"level":"info","message":"Identity Service running on port 3001","service":"identity-service"}
{"level":"info","message":"Connected to Mongo DB","service":"identity-service"}
{"level":"info","message":"Identity Service running on port 3001","service":"identity-service"}
{"level":"info","message":"Connected to Mongo DB","service":"identity-service"}
{"level":"info","message":"Identity Service running on port 3001","service":"identity-service"}
{"level":"info","message":"Connected to Mongo DB","service":"identity-service"}
{"level":"info","message":"Identity Service running on port 3001","service":"identity-service"}
{"level":"info","message":"Connected to Mongo DB","service":"identity-service"}
{"level":"info","message":"Identity Service running on port 3001","service":"identity-service"}
{"level":"info","message":"Connected to Mongo DB","service":"identity-service"}
{"level":"info","message":"Identity Service running on port 3001","service":"identity-service"}
{"level":"info","message":"Connected to Mongo DB","service":"identity-service"}
{"level":"info","message":"Identity Service running on port 3001","service":"identity-service"}
{"level":"info","message":"Connected to Mongo DB","service":"identity-service"}
{"level":"info","message":"Identity Service running on port 3001","service":"identity-service"}
{"level":"info","message":"Identity Service running on port 3001","service":"identity-service"}
{"level":"info","message":"Connected to Mongo DB","service":"identity-service"}
{"level":"info","message":"Identity Service running on port 3001","service":"identity-service"}
{"level":"info","message":"Identity Service running on port 3001","service":"identity-service"}
{"level":"info","message":"Connected to Mongo DB","service":"identity-service"}
{"level":"info","message":"Identity Service running on port 3001","service":"identity-service"}
{"level":"info","message":"Connected to Mongo DB","service":"identity-service"}
{"level":"info","message":"Identity Service running on port 3001","service":"identity-service"}
{"level":"info","message":"Connected to Mongo DB","service":"identity-service"}
{"level":"info","message":"Identity Service running on port 3001","service":"identity-service"}
{"level":"info","message":"Connected to Mongo DB","service":"identity-service"}
{"level":"info","message":"Identity Service running on port 3001","service":"identity-service"}
{"level":"info","message":"Connected to Mongo DB","service":"identity-service"}
{"level":"info","message":"Identity Service running on port 3001","service":"identity-service"}
{"level":"info","message":"Connected to Mongo DB","service":"identity-service"}
{"level":"info","message":"Identity Service running on port 3001","service":"identity-service"}
{"level":"info","message":"Connected to Mongo DB","service":"identity-service"}
{"level":"info","message":"Identity Service running on port 3001","service":"identity-service"}
{"level":"info","message":"Connected to Mongo DB","service":"identity-service"}
{"level":"info","message":"Identity Service running on port 3001","service":"identity-service"}
{"level":"info","message":"Connected to Mongo DB","service":"identity-service"}
{"level":"info","message":"Identity Service running on port 3001","service":"identity-service"}
{"level":"info","message":"Identity Service running on port 3001","service":"identity-service"}
{"level":"info","message":"Connected to Mongo DB","service":"identity-service"}
{"level":"info","message":"Identity Service running on port 3001","service":"identity-service"}
{"level":"info","message":"Connected to Mongo DB","service":"identity-service"}
{"level":"info","message":"Identity Service running on port 3001","service":"identity-service"}
{"level":"info","message":"Identity Service running on port 3001","service":"identity-service"}
{"level":"info","message":"Connected to Mongo DB","service":"identity-service"}
{"level":"info","message":"Identity Service running on port 3001","service":"identity-service"}
{"level":"info","message":"Connected to Mongo DB","service":"identity-service"}
{"level":"info","message":"Identity Service running on port 3001","service":"identity-service"}
{"level":"info","message":"Connected to Mongo DB","service":"identity-service"}
{"level":"info","message":"Identity Service running on port 3001","service":"identity-service"}
{"level":"info","message":"Identity Service running on port 3001","service":"identity-service"}
{"level":"info","message":"Connected to Mongo DB","service":"identity-service"}
{"level":"info","message":"POST /api/auth/login","service":"identity-service"}
{"level":"info","message":"Login user endpoint","service":"identity-service"}
{"level":"error","message":"Error logging in user","service":"identity-service"}
{"level":"info","message":"POST /api/auth/login","service":"identity-service"}
{"level":"info","message":"Login user endpoint","service":"identity-service"}
{"level":"error","message":"Error logging in user","service":"identity-service"}
{"level":"info","message":"Identity Service running on port 3001","service":"identity-service"}
{"level":"info","message":"Connected to Mongo DB","service":"identity-service"}
{"level":"info","message":"Identity Service running on port 3001","service":"identity-service"}
{"level":"info","message":"Identity Service running on port 3001","service":"identity-service"}
{"level":"info","message":"Connected to Mongo DB","service":"identity-service"}
{"level":"info","message":"Identity Service running on port 3001","service":"identity-service"}
{"level":"info","message":"Connected to Mongo DB","service":"identity-service"}
{"level":"info","message":"POST /api/auth/login","service":"identity-service"}
{"level":"info","message":"Login user endpoint","service":"identity-service"}
{"level":"error","message":"Error logging in user validateLoginUser is not defined","service":"identity-service","stack":"ReferenceError: validateLoginUser is not defined\n    at loginUser (file:///home/shravan/coding/javascript/social_media_microservice/identity-service/src/controllers/identity-controller.js:51:25)\n    at Layer.handleRequest (/home/shravan/coding/javascript/social_media_microservice/identity-service/node_modules/router/lib/layer.js:152:17)\n    at next (/home/shravan/coding/javascript/social_media_microservice/identity-service/node_modules/router/lib/route.js:157:13)\n    at Route.dispatch (/home/shravan/coding/javascript/social_media_microservice/identity-service/node_modules/router/lib/route.js:117:3)\n    at handle (/home/shravan/coding/javascript/social_media_microservice/identity-service/node_modules/router/index.js:435:11)\n    at Layer.handleRequest (/home/shravan/coding/javascript/social_media_microservice/identity-service/node_modules/router/lib/layer.js:152:17)\n    at /home/shravan/coding/javascript/social_media_microservice/identity-service/node_modules/router/index.js:295:15\n    at processParams (/home/shravan/coding/javascript/social_media_microservice/identity-service/node_modules/router/index.js:582:12)\n    at next (/home/shravan/coding/javascript/social_media_microservice/identity-service/node_modules/router/index.js:291:5)\n    at Function.handle (/home/shravan/coding/javascript/social_media_microservice/identity-service/node_modules/router/index.js:186:3)"}
{"level":"info","message":"Identity Service running on port 3001","service":"identity-service"}
{"level":"info","message":"Identity Service running on port 3001","service":"identity-service"}
{"level":"info","message":"Connected to Mongo DB","service":"identity-service"}
{"level":"info","message":"POST /api/auth/login","service":"identity-service"}
{"level":"info","message":"Login user endpoint","service":"identity-service"}
{"level":"error","message":"Error logging in user validateLoginUser is not defined","service":"identity-service","stack":"ReferenceError: validateLoginUser is not defined\n    at loginUser (file:///home/shravan/coding/javascript/social_media_microservice/identity-service/src/controllers/identity-controller.js:51:25)\n    at Layer.handleRequest (/home/shravan/coding/javascript/social_media_microservice/identity-service/node_modules/router/lib/layer.js:152:17)\n    at next (/home/shravan/coding/javascript/social_media_microservice/identity-service/node_modules/router/lib/route.js:157:13)\n    at Route.dispatch (/home/shravan/coding/javascript/social_media_microservice/identity-service/node_modules/router/lib/route.js:117:3)\n    at handle (/home/shravan/coding/javascript/social_media_microservice/identity-service/node_modules/router/index.js:435:11)\n    at Layer.handleRequest (/home/shravan/coding/javascript/social_media_microservice/identity-service/node_modules/router/lib/layer.js:152:17)\n    at /home/shravan/coding/javascript/social_media_microservice/identity-service/node_modules/router/index.js:295:15\n    at processParams (/home/shravan/coding/javascript/social_media_microservice/identity-service/node_modules/router/index.js:582:12)\n    at next (/home/shravan/coding/javascript/social_media_microservice/identity-service/node_modules/router/index.js:291:5)\n    at Function.handle (/home/shravan/coding/javascript/social_media_microservice/identity-service/node_modules/router/index.js:186:3)"}
{"level":"info","message":"Identity Service running on port 3001","service":"identity-service"}
{"level":"info","message":"Connected to Mongo DB","service":"identity-service"}
{"level":"info","message":"Identity Service running on port 3001","service":"identity-service"}
{"level":"info","message":"Connected to Mongo DB","service":"identity-service"}
{"level":"info","message":"POST /api/auth/login","service":"identity-service"}
{"level":"info","message":"Login user endpoint","service":"identity-service"}
{"level":"error","message":"Error logging in user user.comparePassword is not a function","service":"identity-service","stack":"TypeError: user.comparePassword is not a function\n    at loginUser (file:///home/shravan/coding/javascript/social_media_microservice/identity-service/src/controllers/identity-controller.js:72:44)\n    at Layer.handleRequest (/home/shravan/coding/javascript/social_media_microservice/identity-service/node_modules/router/lib/layer.js:152:17)\n    at next (/home/shravan/coding/javascript/social_media_microservice/identity-service/node_modules/router/lib/route.js:157:13)\n    at Route.dispatch (/home/shravan/coding/javascript/social_media_microservice/identity-service/node_modules/router/lib/route.js:117:3)\n    at handle (/home/shravan/coding/javascript/social_media_microservice/identity-service/node_modules/router/index.js:435:11)\n    at Layer.handleRequest (/home/shravan/coding/javascript/social_media_microservice/identity-service/node_modules/router/lib/layer.js:152:17)\n    at /home/shravan/coding/javascript/social_media_microservice/identity-service/node_modules/router/index.js:295:15\n    at processParams (/home/shravan/coding/javascript/social_media_microservice/identity-service/node_modules/router/index.js:582:12)\n    at next (/home/shravan/coding/javascript/social_media_microservice/identity-service/node_modules/router/index.js:291:5)\n    at Function.handle (/home/shravan/coding/javascript/social_media_microservice/identity-service/node_modules/router/index.js:186:3)"}
{"level":"info","message":"Identity Service running on port 3001","service":"identity-service"}
{"level":"info","message":"Connected to Mongo DB","service":"identity-service"}
{"level":"info","message":"POST /api/auth/login","service":"identity-service"}
{"level":"info","message":"Login user endpoint","service":"identity-service"}
{"level":"error","message":"Error logging in user user.comparePassword is not a function","service":"identity-service","stack":"TypeError: user.comparePassword is not a function\n    at loginUser (file:///home/shravan/coding/javascript/social_media_microservice/identity-service/src/controllers/identity-controller.js:72:44)\n    at Layer.handleRequest (/home/shravan/coding/javascript/social_media_microservice/identity-service/node_modules/router/lib/layer.js:152:17)\n    at next (/home/shravan/coding/javascript/social_media_microservice/identity-service/node_modules/router/lib/route.js:157:13)\n    at Route.dispatch (/home/shravan/coding/javascript/social_media_microservice/identity-service/node_modules/router/lib/route.js:117:3)\n    at handle (/home/shravan/coding/javascript/social_media_microservice/identity-service/node_modules/router/index.js:435:11)\n    at Layer.handleRequest (/home/shravan/coding/javascript/social_media_microservice/identity-service/node_modules/router/lib/layer.js:152:17)\n    at /home/shravan/coding/javascript/social_media_microservice/identity-service/node_modules/router/index.js:295:15\n    at processParams (/home/shravan/coding/javascript/social_media_microservice/identity-service/node_modules/router/index.js:582:12)\n    at next (/home/shravan/coding/javascript/social_media_microservice/identity-service/node_modules/router/index.js:291:5)\n    at Function.handle (/home/shravan/coding/javascript/social_media_microservice/identity-service/node_modules/router/index.js:186:3)"}
{"level":"info","message":"Identity Service running on port 3001","service":"identity-service"}
{"level":"info","message":"Connected to Mongo DB","service":"identity-service"}
{"level":"info","message":"Identity Service running on port 3001","service":"identity-service"}
{"level":"info","message":"Connected to Mongo DB","service":"identity-service"}
{"level":"info","message":"Identity Service running on port 3001","service":"identity-service"}
{"level":"info","message":"Connected to Mongo DB","service":"identity-service"}
{"level":"info","message":"Identity Service running on port 3001","service":"identity-service"}
{"level":"info","message":"Connected to Mongo DB","service":"identity-service"}
{"level":"info","message":"Identity Service running on port 3001","service":"identity-service"}
{"level":"info","message":"Connected to Mongo DB","service":"identity-service"}
{"level":"info","message":"POST /api/auth/login","service":"identity-service"}
{"level":"info","message":"Login user endpoint","service":"identity-service"}
{"level":"error","message":"Error logging in user user.comparePassword is not a function","service":"identity-service","stack":"TypeError: user.comparePassword is not a function\n    at loginUser (file:///home/shravan/coding/javascript/social_media_microservice/identity-service/src/controllers/identity-controller.js:72:44)\n    at Layer.handleRequest (/home/shravan/coding/javascript/social_media_microservice/identity-service/node_modules/router/lib/layer.js:152:17)\n    at next (/home/shravan/coding/javascript/social_media_microservice/identity-service/node_modules/router/lib/route.js:157:13)\n    at Route.dispatch (/home/shravan/coding/javascript/social_media_microservice/identity-service/node_modules/router/lib/route.js:117:3)\n    at handle (/home/shravan/coding/javascript/social_media_microservice/identity-service/node_modules/router/index.js:435:11)\n    at Layer.handleRequest (/home/shravan/coding/javascript/social_media_microservice/identity-service/node_modules/router/lib/layer.js:152:17)\n    at /home/shravan/coding/javascript/social_media_microservice/identity-service/node_modules/router/index.js:295:15\n    at processParams (/home/shravan/coding/javascript/social_media_microservice/identity-service/node_modules/router/index.js:582:12)\n    at next (/home/shravan/coding/javascript/social_media_microservice/identity-service/node_modules/router/index.js:291:5)\n    at Function.handle (/home/shravan/coding/javascript/social_media_microservice/identity-service/node_modules/router/index.js:186:3)"}
{"level":"info","message":"Identity Service running on port 3001","service":"identity-service"}
{"level":"info","message":"Connected to Mongo DB","service":"identity-service"}
{"level":"info","message":"Identity Service running on port 3001","service":"identity-service"}
{"level":"info","message":"Connected to Mongo DB","service":"identity-service"}
{"level":"info","message":"POST /api/auth/login","service":"identity-service"}
{"level":"info","message":"Login user endpoint","service":"identity-service"}
{"level":"error","message":"Error logging in user user.comparePassword is not a function","service":"identity-service","stack":"TypeError: user.comparePassword is not a function\n    at loginUser (file:///home/shravan/coding/javascript/social_media_microservice/identity-service/src/controllers/identity-controller.js:72:44)\n    at Layer.handleRequest (/home/shravan/coding/javascript/social_media_microservice/identity-service/node_modules/router/lib/layer.js:152:17)\n    at next (/home/shravan/coding/javascript/social_media_microservice/identity-service/node_modules/router/lib/route.js:157:13)\n    at Route.dispatch (/home/shravan/coding/javascript/social_media_microservice/identity-service/node_modules/router/lib/route.js:117:3)\n    at handle (/home/shravan/coding/javascript/social_media_microservice/identity-service/node_modules/router/index.js:435:11)\n    at Layer.handleRequest (/home/shravan/coding/javascript/social_media_microservice/identity-service/node_modules/router/lib/layer.js:152:17)\n    at /home/shravan/coding/javascript/social_media_microservice/identity-service/node_modules/router/index.js:295:15\n    at processParams (/home/shravan/coding/javascript/social_media_microservice/identity-service/node_modules/router/index.js:582:12)\n    at next (/home/shravan/coding/javascript/social_media_microservice/identity-service/node_modules/router/index.js:291:5)\n    at Function.handle (/home/shravan/coding/javascript/social_media_microservice/identity-service/node_modules/router/index.js:186:3)"}
{"level":"info","message":"Identity Service running on port 3001","service":"identity-service"}
{"level":"info","message":"Connected to Mongo DB","service":"identity-service"}
{"level":"info","message":"POST /api/auth/login","service":"identity-service"}
{"level":"info","message":"Login endpoint hit...","service":"identity-service"}
{"level":"error","message":"Login error occured validatelogin is not defined","service":"identity-service","stack":"ReferenceError: validatelogin is not defined\n    at loginUser (file:///home/shravan/coding/javascript/social_media_microservice/identity-service/src/controllers/identity-controller.js:51:27)\n    at Layer.handleRequest (/home/shravan/coding/javascript/social_media_microservice/identity-service/node_modules/router/lib/layer.js:152:17)\n    at next (/home/shravan/coding/javascript/social_media_microservice/identity-service/node_modules/router/lib/route.js:157:13)\n    at Route.dispatch (/home/shravan/coding/javascript/social_media_microservice/identity-service/node_modules/router/lib/route.js:117:3)\n    at handle (/home/shravan/coding/javascript/social_media_microservice/identity-service/node_modules/router/index.js:435:11)\n    at Layer.handleRequest (/home/shravan/coding/javascript/social_media_microservice/identity-service/node_modules/router/lib/layer.js:152:17)\n    at /home/shravan/coding/javascript/social_media_microservice/identity-service/node_modules/router/index.js:295:15\n    at processParams (/home/shravan/coding/javascript/social_media_microservice/identity-service/node_modules/router/index.js:582:12)\n    at next (/home/shravan/coding/javascript/social_media_microservice/identity-service/node_modules/router/index.js:291:5)\n    at Function.handle (/home/shravan/coding/javascript/social_media_microservice/identity-service/node_modules/router/index.js:186:3)"}
{"level":"info","message":"Identity Service running on port 3001","service":"identity-service"}
{"level":"info","message":"Connected to Mongo DB","service":"identity-service"}
{"level":"info","message":"Identity Service running on port 3001","service":"identity-service"}
{"level":"info","message":"Connected to Mongo DB","service":"identity-service"}
{"level":"info","message":"Identity Service running on port 3001","service":"identity-service"}
{"level":"info","message":"Connected to Mongo DB","service":"identity-service"}
{"level":"info","message":"POST /api/auth/login","service":"identity-service"}
{"level":"info","message":"Login endpoint hit...","service":"identity-service"}
{"level":"error","message":"Login error occured generateTokens is not defined","service":"identity-service","stack":"ReferenceError: generateTokens is not defined\n    at loginUser (file:///home/shravan/coding/javascript/social_media_microservice/identity-service/src/controllers/identity-controller.js:80:47)"}
{"level":"info","message":"Identity Service running on port 3001","service":"identity-service"}
{"level":"info","message":"Identity Service running on port 3001","service":"identity-service"}
{"level":"info","message":"Connected to Mongo DB","service":"identity-service"}
{"level":"info","message":"Identity Service running on port 3001","service":"identity-service"}
{"level":"info","message":"Connected to Mongo DB","service":"identity-service"}
{"level":"info","message":"POST /api/auth/login","service":"identity-service"}
{"level":"info","message":"Login endpoint hit...","service":"identity-service"}
{"level":"info","message":"Identity Service running on port 3001","service":"identity-service"}
{"level":"info","message":"Connected to Mongo DB","service":"identity-service"}
{"level":"info","message":"Identity Service running on port 3001","service":"identity-service"}
{"level":"info","message":"Connected to Mongo DB","service":"identity-service"}
{"level":"info","message":"POST /api/auth/login","service":"identity-service"}
{"level":"info","message":"Login user endpoint","service":"identity-service"}
